<?xml version="1.0" encoding="UTF-8"?>
<!-- Generated by org.testng.reporters.JUnitReportReporter -->
<testsuite skipped="0" hostname="EC2AMAZ-0AIJGE2" name="CGIJenkinsBatch.CalculatorAPI.testCAlculatorApi" tests="2" failures="0" timestamp="2020-10-21T11:38:30 UTC" time="0.008" errors="0">
  <testcase name="TestSUB" time="0.000" classname="CGIJenkinsBatch.CalculatorAPI.testCAlculatorApi"/>
  <system-out/>
  <testcase name="TestADD" time="0.008" classname="CGIJenkinsBatch.CalculatorAPI.testCAlculatorApi"/>
  <system-out/>
</testsuite> <!-- CGIJenkinsBatch.CalculatorAPI.testCAlculatorApi -->
